# JRE version: 7.0_25-b15
# Java VM: Java HotSpot(TM) 64-Bit Server VM (23.25-b01 mixed mode bsd-amd64 compressed oops)
Heap
 PSYoungGen      total 283136K, used 33827K [0x0000000164440000, 0x0000000178580000, 0x000000018e840000)
  eden space 254400K, 2% used [0x0000000164440000,0x000000016493ce78,0x0000000173cb0000)
  from space 28736K, 99% used [0x0000000175e50000,0x0000000177a5c010,0x0000000177a60000)
  to   space 34432K, 0% used [0x0000000173cb0000,0x0000000173cb0000,0x0000000175e50000)
 ParOldGen       total 86528K, used 49610K [0x000000010fc40000, 0x00000001150c0000, 0x0000000164440000)
  object space 86528K, 57% used [0x000000010fc40000,0x0000000112cb2b30,0x00000001150c0000)
 PSPermGen       total 21248K, used 4268K [0x000000010aa40000, 0x000000010bf00000, 0x000000010fc40000)
  object space 21248K, 20% used [0x000000010aa40000,0x000000010ae6b310,0x000000010bf00000)
GC Heap History (10 events):
Event: 1.353 GC heap before
{Heap before GC invocations=2 (full 0):
 PSYoungGen      total 37888K, used 37856K [0x0000000164440000, 0x0000000168e40000, 0x000000018e840000)
  eden space 32512K, 100% used [0x0000000164440000,0x0000000166400000,0x0000000166400000)
  from space 5376K, 99% used [0x0000000166400000,0x0000000166938020,0x0000000166940000)
  to   space 5376K, 0% used [0x0000000168900000,0x0000000168900000,0x0000000168e40000)
 ParOldGen       total 86528K, used 2674K [0x000000010fc40000, 0x00000001150c0000, 0x0000000164440000)
  object space 86528K, 3% used [0x000000010fc40000,0x000000010fedcb30,0x00000001150c0000)
 PSPermGen       total 21248K, used 4267K [0x000000010aa40000, 0x000000010bf00000, 0x000000010fc40000)
  object space 21248K, 20% used [0x000000010aa40000,0x000000010ae6ada8,0x000000010bf00000)
Event: 1.398 GC heap after
Heap after GC invocations=2 (full 0):
 PSYoungGen      total 70400K, used 5360K [0x0000000164440000, 0x0000000168e40000, 0x000000018e840000)
  eden space 65024K, 0% used [0x0000000164440000,0x0000000164440000,0x00000001683c0000)
  from space 5376K, 99% used [0x0000000168900000,0x0000000168e3c010,0x0000000168e40000)
  to   space 5376K, 0% used [0x00000001683c0000,0x00000001683c0000,0x0000000168900000)
 ParOldGen       total 86528K, used 5434K [0x000000010fc40000, 0x00000001150c0000, 0x0000000164440000)
  object space 86528K, 6% used [0x000000010fc40000,0x000000011018eb30,0x00000001150c0000)
 PSPermGen       total 21248K, used 4267K [0x000000010aa40000, 0x000000010bf00000, 0x000000010fc40000)
  object space 21248K, 20% used [0x000000010aa40000,0x000000010ae6ada8,0x000000010bf00000)
}
Event: 2.112 GC heap before
{Heap before GC invocations=3 (full 0):
 PSYoungGen      total 70400K, used 70384K [0x0000000164440000, 0x0000000168e40000, 0x000000018e840000)
  eden space 65024K, 100% used [0x0000000164440000,0x00000001683c0000,0x00000001683c0000)
  from space 5376K, 99% used [0x0000000168900000,0x0000000168e3c010,0x0000000168e40000)
  to   space 5376K, 0% used [0x00000001683c0000,0x00000001683c0000,0x0000000168900000)
 ParOldGen       total 86528K, used 5434K [0x000000010fc40000, 0x00000001150c0000, 0x0000000164440000)
  object space 86528K, 6% used [0x000000010fc40000,0x000000011018eb30,0x00000001150c0000)
 PSPermGen       total 21248K, used 4268K [0x000000010aa40000, 0x000000010bf00000, 0x000000010fc40000)
  object space 21248K, 20% used [0x000000010aa40000,0x000000010ae6b100,0x000000010bf00000)
Event: 2.198 GC heap after
Heap after GC invocations=3 (full 0):
 PSYoungGen      total 70400K, used 5344K [0x0000000164440000, 0x000000016cdc0000, 0x000000018e840000)
  eden space 65024K, 0% used [0x0000000164440000,0x0000000164440000,0x00000001683c0000)
  from space 5376K, 99% used [0x00000001683c0000,0x00000001688f8020,0x0000000168900000)
  to   space 5376K, 0% used [0x000000016c880000,0x000000016c880000,0x000000016cdc0000)
 ParOldGen       total 86528K, used 15514K [0x000000010fc40000, 0x00000001150c0000, 0x0000000164440000)
  object space 86528K, 17% used [0x000000010fc40000,0x0000000110b66b30,0x00000001150c0000)
 PSPermGen       total 21248K, used 4268K [0x000000010aa40000, 0x000000010bf00000, 0x000000010fc40000)
  object space 21248K, 20% used [0x000000010aa40000,0x000000010ae6b100,0x000000010bf00000)
}
Event: 2.871 GC heap before
{Heap before GC invocations=4 (full 0):
 PSYoungGen      total 70400K, used 70368K [0x0000000164440000, 0x000000016cdc0000, 0x000000018e840000)
  eden space 65024K, 100% used [0x0000000164440000,0x00000001683c0000,0x00000001683c0000)
  from space 5376K, 99% used [0x00000001683c0000,0x00000001688f8020,0x0000000168900000)
  to   space 5376K, 0% used [0x000000016c880000,0x000000016c880000,0x000000016cdc0000)
 ParOldGen       total 86528K, used 15514K [0x000000010fc40000, 0x00000001150c0000, 0x0000000164440000)
  object space 86528K, 17% used [0x000000010fc40000,0x0000000110b66b30,0x00000001150c0000)
 PSPermGen       total 21248K, used 4268K [0x000000010aa40000, 0x000000010bf00000, 0x000000010fc40000)
  object space 21248K, 20% used [0x000000010aa40000,0x000000010ae6b100,0x000000010bf00000)
Event: 2.925 GC heap after
Heap after GC invocations=4 (full 0):
 PSYoungGen      total 135424K, used 5360K [0x0000000164440000, 0x000000016cdc0000, 0x000000018e840000)
  eden space 130048K, 0% used [0x0000000164440000,0x0000000164440000,0x000000016c340000)
  from space 5376K, 99% used [0x000000016c880000,0x000000016cdbc010,0x000000016cdc0000)
  to   space 5376K, 0% used [0x000000016c340000,0x000000016c340000,0x000000016c880000)
 ParOldGen       total 86528K, used 25218K [0x000000010fc40000, 0x00000001150c0000, 0x0000000164440000)
  object space 86528K, 29% used [0x000000010fc40000,0x00000001114e0b30,0x00000001150c0000)
 PSPermGen       total 21248K, used 4268K [0x000000010aa40000, 0x000000010bf00000, 0x000000010fc40000)
  object space 21248K, 20% used [0x000000010aa40000,0x000000010ae6b100,0x000000010bf00000)
}
Event: 4.303 GC heap before
{Heap before GC invocations=5 (full 0):
 PSYoungGen      total 135424K, used 135408K [0x0000000164440000, 0x000000016cdc0000, 0x000000018e840000)
  eden space 130048K, 100% used [0x0000000164440000,0x000000016c340000,0x000000016c340000)
  from space 5376K, 99% used [0x000000016c880000,0x000000016cdbc010,0x000000016cdc0000)
  to   space 5376K, 0% used [0x000000016c340000,0x000000016c340000,0x000000016c880000)
 ParOldGen       total 86528K, used 25218K [0x000000010fc40000, 0x00000001150c0000, 0x0000000164440000)
  object space 86528K, 29% used [0x000000010fc40000,0x00000001114e0b30,0x00000001150c0000)
 PSPermGen       total 21248K, used 4268K [0x000000010aa40000, 0x000000010bf00000, 0x000000010fc40000)
  object space 21248K, 20% used [0x000000010aa40000,0x000000010ae6b208,0x000000010bf00000)
Event: 4.396 GC heap after
Heap after GC invocations=5 (full 0):
 PSYoungGen      total 135424K, used 5360K [0x0000000164440000, 0x0000000177a60000, 0x000000018e840000)
  eden space 130048K, 0% used [0x0000000164440000,0x0000000164440000,0x000000016c340000)
  from space 5376K, 99% used [0x000000016c340000,0x000000016c87c010,0x000000016c880000)
  to   space 28736K, 0% used [0x0000000175e50000,0x0000000175e50000,0x0000000177a60000)
 ParOldGen       total 86528K, used 49194K [0x000000010fc40000, 0x00000001150c0000, 0x0000000164440000)
  object space 86528K, 56% used [0x000000010fc40000,0x0000000112c4ab30,0x00000001150c0000)
 PSPermGen       total 21248K, used 4268K [0x000000010aa40000, 0x000000010bf00000, 0x000000010fc40000)
  object space 21248K, 20% used [0x000000010aa40000,0x000000010ae6b208,0x000000010bf00000)
}
Event: 5.719 GC heap before
{Heap before GC invocations=6 (full 0):
 PSYoungGen      total 135424K, used 135408K [0x0000000164440000, 0x0000000177a60000, 0x000000018e840000)
  eden space 130048K, 100% used [0x0000000164440000,0x000000016c340000,0x000000016c340000)
  from space 5376K, 99% used [0x000000016c340000,0x000000016c87c010,0x000000016c880000)
  to   space 28736K, 0% used [0x0000000175e50000,0x0000000175e50000,0x0000000177a60000)
 ParOldGen       total 86528K, used 49194K [0x000000010fc40000, 0x00000001150c0000, 0x0000000164440000)
  object space 86528K, 56% used [0x000000010fc40000,0x0000000112c4ab30,0x00000001150c0000)
 PSPermGen       total 21248K, used 4268K [0x000000010aa40000, 0x000000010bf00000, 0x000000010fc40000)
  object space 21248K, 20% used [0x000000010aa40000,0x000000010ae6b310,0x000000010bf00000)
Event: 5.845 GC heap after
Heap after GC invocations=6 (full 0):
 PSYoungGen      total 283136K, used 28720K [0x0000000164440000, 0x0000000178580000, 0x000000018e840000)
  eden space 254400K, 0% used [0x0000000164440000,0x0000000164440000,0x0000000173cb0000)
  from space 28736K, 99% used [0x0000000175e50000,0x0000000177a5c010,0x0000000177a60000)
  to   space 34432K, 0% used [0x0000000173cb0000,0x0000000173cb0000,0x0000000175e50000)
 ParOldGen       total 86528K, used 49610K [0x000000010fc40000, 0x00000001150c0000, 0x0000000164440000)
  object space 86528K, 57% used [0x000000010fc40000,0x0000000112cb2b30,0x00000001150c0000)
 PSPermGen       total 21248K, used 4268K [0x000000010aa40000, 0x000000010bf00000, 0x000000010fc40000)
  object space 21248K, 20% used [0x000000010aa40000,0x000000010ae6b310,0x000000010bf00000)
}

